[debug] [2021-05-08T13:35:07.399Z] ----------------------------------------------------------------------
[debug] [2021-05-08T13:35:07.406Z] Command:       C:\Program Files\nodejs\node.exe C:\Users\ivanm\AppData\Roaming\npm\node_modules\firebase-tools\lib\bin\firebase.js init
[debug] [2021-05-08T13:35:07.407Z] CLI Version:   9.6.1
[debug] [2021-05-08T13:35:07.408Z] Platform:      win32
[debug] [2021-05-08T13:35:07.408Z] Node Version:  v15.12.0
[debug] [2021-05-08T13:35:07.418Z] Time:          Sat May 08 2021 16:35:07 GMT+0300 (Москва, стандартное время)
[debug] [2021-05-08T13:35:07.419Z] ----------------------------------------------------------------------
[debug] [2021-05-08T13:35:07.419Z] 
[debug] [2021-05-08T13:35:07.424Z] >>> [apiv2][query] GET https://firebase-public.firebaseio.com/cli.json [none]
[debug] [2021-05-08T13:35:07.465Z] > command requires scopes: ["email","openid","https://www.googleapis.com/auth/cloudplatformprojects.readonly","https://www.googleapis.com/auth/firebase","https://www.googleapis.com/auth/cloud-platform"]
[debug] [2021-05-08T13:35:07.467Z] > authorizing via signed-in user
[info] 
     ######## #### ########  ######## ########     ###     ######  ########
     ##        ##  ##     ## ##       ##     ##  ##   ##  ##       ##
     ######    ##  ########  ######   ########  #########  ######  ######
     ##        ##  ##    ##  ##       ##     ## ##     ##       ## ##
     ##       #### ##     ## ######## ########  ##     ##  ######  ########

You're about to initialize a Firebase project in this directory:

  D:\GitDesk\hack-app

[debug] [2021-05-08T13:35:08.285Z] <<< [apiv2][status] GET https://firebase-public.firebaseio.com/cli.json 200
[debug] [2021-05-08T13:35:08.286Z] <<< [apiv2][body] GET https://firebase-public.firebaseio.com/cli.json {"cloudBuildErrorAfter":1594252800000,"cloudBuildWarnAfter":1590019200000,"defaultNode10After":1594252800000,"minVersion":"3.0.5","node8DeploysDisabledAfter":1613390400000,"node8RuntimeDisabledAfter":1615809600000,"node8WarnAfter":1600128000000}
